<?xml version="1.0" encoding="UTF-8"?>
<testsuite xmlns:xsi="http://www.w3.org/2001/XMLSchema-instance" xsi:noNamespaceSchemaLocation="https://maven.apache.org/surefire/maven-surefire-plugin/xsd/surefire-test-report.xsd" name="Reserves.ReserveServiceTest" time="0.369" tests="13" errors="0" skipped="0" failures="0">
  <properties>
    <property name="java.specification.version" value="17"/>
    <property name="sun.jnu.encoding" value="UTF-8"/>
    <property name="java.class.path" value="/Users/zero/Desktop/Zero/Dev/Personal/Proyects/Backend/Back_Art_Experience/target/test-classes:/Users/zero/Desktop/Zero/Dev/Personal/Proyects/Backend/Back_Art_Experience/target/classes:/Users/zero/.m2/repository/org/springframework/boot/spring-boot-starter-actuator/2.1.6.RELEASE/spring-boot-starter-actuator-2.1.6.RELEASE.jar:/Users/zero/.m2/repository/org/springframework/boot/spring-boot-starter/2.1.6.RELEASE/spring-boot-starter-2.1.6.RELEASE.jar:/Users/zero/.m2/repository/org/springframework/boot/spring-boot/2.1.6.RELEASE/spring-boot-2.1.6.RELEASE.jar:/Users/zero/.m2/repository/org/springframework/boot/spring-boot-autoconfigure/2.1.6.RELEASE/spring-boot-autoconfigure-2.1.6.RELEASE.jar:/Users/zero/.m2/repository/org/springframework/boot/spring-boot-starter-logging/2.1.6.RELEASE/spring-boot-starter-logging-2.1.6.RELEASE.jar:/Users/zero/.m2/repository/ch/qos/logback/logback-classic/1.2.3/logback-classic-1.2.3.jar:/Users/zero/.m2/repository/ch/qos/logback/logback-core/1.2.3/logback-core-1.2.3.jar:/Users/zero/.m2/repository/org/apache/logging/log4j/log4j-to-slf4j/2.11.2/log4j-to-slf4j-2.11.2.jar:/Users/zero/.m2/repository/org/apache/logging/log4j/log4j-api/2.11.2/log4j-api-2.11.2.jar:/Users/zero/.m2/repository/org/slf4j/jul-to-slf4j/1.7.26/jul-to-slf4j-1.7.26.jar:/Users/zero/.m2/repository/javax/annotation/javax.annotation-api/1.3.2/javax.annotation-api-1.3.2.jar:/Users/zero/.m2/repository/org/yaml/snakeyaml/1.23/snakeyaml-1.23.jar:/Users/zero/.m2/repository/org/springframework/boot/spring-boot-actuator-autoconfigure/2.1.6.RELEASE/spring-boot-actuator-autoconfigure-2.1.6.RELEASE.jar:/Users/zero/.m2/repository/org/springframework/boot/spring-boot-actuator/2.1.6.RELEASE/spring-boot-actuator-2.1.6.RELEASE.jar:/Users/zero/.m2/repository/org/springframework/spring-context/5.1.8.RELEASE/spring-context-5.1.8.RELEASE.jar:/Users/zero/.m2/repository/io/micrometer/micrometer-core/1.1.5/micrometer-core-1.1.5.jar:/Users/zero/.m2/repository/org/hdrhistogram/HdrHistogram/2.1.9/HdrHistogram-2.1.9.jar:/Users/zero/.m2/repository/org/latencyutils/LatencyUtils/2.0.3/LatencyUtils-2.0.3.jar:/Users/zero/.m2/repository/org/springframework/boot/spring-boot-starter-mail/2.1.6.RELEASE/spring-boot-starter-mail-2.1.6.RELEASE.jar:/Users/zero/.m2/repository/org/springframework/spring-context-support/5.1.8.RELEASE/spring-context-support-5.1.8.RELEASE.jar:/Users/zero/.m2/repository/org/springframework/spring-beans/5.1.8.RELEASE/spring-beans-5.1.8.RELEASE.jar:/Users/zero/.m2/repository/com/sun/mail/javax.mail/1.6.2/javax.mail-1.6.2.jar:/Users/zero/.m2/repository/org/springframework/boot/spring-boot-starter-data-jpa/2.1.6.RELEASE/spring-boot-starter-data-jpa-2.1.6.RELEASE.jar:/Users/zero/.m2/repository/org/springframework/boot/spring-boot-starter-aop/2.1.6.RELEASE/spring-boot-starter-aop-2.1.6.RELEASE.jar:/Users/zero/.m2/repository/org/springframework/spring-aop/5.1.8.RELEASE/spring-aop-5.1.8.RELEASE.jar:/Users/zero/.m2/repository/org/aspectj/aspectjweaver/1.9.4/aspectjweaver-1.9.4.jar:/Users/zero/.m2/repository/org/springframework/boot/spring-boot-starter-jdbc/2.1.6.RELEASE/spring-boot-starter-jdbc-2.1.6.RELEASE.jar:/Users/zero/.m2/repository/com/zaxxer/HikariCP/3.2.0/HikariCP-3.2.0.jar:/Users/zero/.m2/repository/org/springframework/spring-jdbc/5.1.8.RELEASE/spring-jdbc-5.1.8.RELEASE.jar:/Users/zero/.m2/repository/javax/transaction/javax.transaction-api/1.3/javax.transaction-api-1.3.jar:/Users/zero/.m2/repository/org/hibernate/hibernate-core/5.3.10.Final/hibernate-core-5.3.10.Final.jar:/Users/zero/.m2/repository/org/jboss/logging/jboss-logging/3.3.2.Final/jboss-logging-3.3.2.Final.jar:/Users/zero/.m2/repository/javax/persistence/javax.persistence-api/2.2/javax.persistence-api-2.2.jar:/Users/zero/.m2/repository/org/javassist/javassist/3.23.2-GA/javassist-3.23.2-GA.jar:/Users/zero/.m2/repository/antlr/antlr/2.7.7/antlr-2.7.7.jar:/Users/zero/.m2/repository/org/jboss/jandex/2.0.5.Final/jandex-2.0.5.Final.jar:/Users/zero/.m2/repository/javax/activation/javax.activation-api/1.2.0/javax.activation-api-1.2.0.jar:/Users/zero/.m2/repository/org/dom4j/dom4j/2.1.1/dom4j-2.1.1.jar:/Users/zero/.m2/repository/org/hibernate/common/hibernate-commons-annotations/5.0.4.Final/hibernate-commons-annotations-5.0.4.Final.jar:/Users/zero/.m2/repository/org/springframework/data/spring-data-jpa/2.1.9.RELEASE/spring-data-jpa-2.1.9.RELEASE.jar:/Users/zero/.m2/repository/org/springframework/data/spring-data-commons/2.1.9.RELEASE/spring-data-commons-2.1.9.RELEASE.jar:/Users/zero/.m2/repository/org/springframework/spring-orm/5.1.8.RELEASE/spring-orm-5.1.8.RELEASE.jar:/Users/zero/.m2/repository/org/springframework/spring-tx/5.1.8.RELEASE/spring-tx-5.1.8.RELEASE.jar:/Users/zero/.m2/repository/org/springframework/spring-aspects/5.1.8.RELEASE/spring-aspects-5.1.8.RELEASE.jar:/Users/zero/.m2/repository/org/springframework/boot/spring-boot-starter-web/2.1.6.RELEASE/spring-boot-starter-web-2.1.6.RELEASE.jar:/Users/zero/.m2/repository/org/springframework/boot/spring-boot-starter-json/2.1.6.RELEASE/spring-boot-starter-json-2.1.6.RELEASE.jar:/Users/zero/.m2/repository/com/fasterxml/jackson/datatype/jackson-datatype-jdk8/2.9.9/jackson-datatype-jdk8-2.9.9.jar:/Users/zero/.m2/repository/com/fasterxml/jackson/module/jackson-module-parameter-names/2.9.9/jackson-module-parameter-names-2.9.9.jar:/Users/zero/.m2/repository/org/springframework/boot/spring-boot-starter-tomcat/2.1.6.RELEASE/spring-boot-starter-tomcat-2.1.6.RELEASE.jar:/Users/zero/.m2/repository/org/apache/tomcat/embed/tomcat-embed-core/9.0.21/tomcat-embed-core-9.0.21.jar:/Users/zero/.m2/repository/org/apache/tomcat/embed/tomcat-embed-el/9.0.21/tomcat-embed-el-9.0.21.jar:/Users/zero/.m2/repository/org/apache/tomcat/embed/tomcat-embed-websocket/9.0.21/tomcat-embed-websocket-9.0.21.jar:/Users/zero/.m2/repository/org/hibernate/validator/hibernate-validator/6.0.17.Final/hibernate-validator-6.0.17.Final.jar:/Users/zero/.m2/repository/javax/validation/validation-api/2.0.1.Final/validation-api-2.0.1.Final.jar:/Users/zero/.m2/repository/org/springframework/spring-web/5.1.8.RELEASE/spring-web-5.1.8.RELEASE.jar:/Users/zero/.m2/repository/org/springframework/spring-webmvc/5.1.8.RELEASE/spring-webmvc-5.1.8.RELEASE.jar:/Users/zero/.m2/repository/org/springframework/spring-expression/5.1.8.RELEASE/spring-expression-5.1.8.RELEASE.jar:/Users/zero/.m2/repository/org/springframework/boot/spring-boot-starter-test/2.1.6.RELEASE/spring-boot-starter-test-2.1.6.RELEASE.jar:/Users/zero/.m2/repository/org/springframework/boot/spring-boot-test/2.1.6.RELEASE/spring-boot-test-2.1.6.RELEASE.jar:/Users/zero/.m2/repository/org/springframework/boot/spring-boot-test-autoconfigure/2.1.6.RELEASE/spring-boot-test-autoconfigure-2.1.6.RELEASE.jar:/Users/zero/.m2/repository/com/jayway/jsonpath/json-path/2.4.0/json-path-2.4.0.jar:/Users/zero/.m2/repository/net/minidev/json-smart/2.3/json-smart-2.3.jar:/Users/zero/.m2/repository/net/minidev/accessors-smart/1.2/accessors-smart-1.2.jar:/Users/zero/.m2/repository/org/ow2/asm/asm/5.0.4/asm-5.0.4.jar:/Users/zero/.m2/repository/org/assertj/assertj-core/3.11.1/assertj-core-3.11.1.jar:/Users/zero/.m2/repository/org/hamcrest/hamcrest-core/1.3/hamcrest-core-1.3.jar:/Users/zero/.m2/repository/org/hamcrest/hamcrest-library/1.3/hamcrest-library-1.3.jar:/Users/zero/.m2/repository/org/skyscreamer/jsonassert/1.5.0/jsonassert-1.5.0.jar:/Users/zero/.m2/repository/com/vaadin/external/google/android-json/0.0.20131108.vaadin1/android-json-0.0.20131108.vaadin1.jar:/Users/zero/.m2/repository/org/springframework/spring-core/5.1.8.RELEASE/spring-core-5.1.8.RELEASE.jar:/Users/zero/.m2/repository/org/springframework/spring-jcl/5.1.8.RELEASE/spring-jcl-5.1.8.RELEASE.jar:/Users/zero/.m2/repository/org/springframework/spring-test/5.1.8.RELEASE/spring-test-5.1.8.RELEASE.jar:/Users/zero/.m2/repository/org/xmlunit/xmlunit-core/2.6.2/xmlunit-core-2.6.2.jar:/Users/zero/.m2/repository/org/postgresql/postgresql/42.2.5/postgresql-42.2.5.jar:/Users/zero/.m2/repository/org/liquibase/liquibase-core/4.0.0/liquibase-core-4.0.0.jar:/Users/zero/.m2/repository/org/springframework/boot/spring-boot-starter-data-rest/2.1.6.RELEASE/spring-boot-starter-data-rest-2.1.6.RELEASE.jar:/Users/zero/.m2/repository/org/springframework/data/spring-data-rest-webmvc/3.1.9.RELEASE/spring-data-rest-webmvc-3.1.9.RELEASE.jar:/Users/zero/.m2/repository/org/springframework/data/spring-data-rest-core/3.1.9.RELEASE/spring-data-rest-core-3.1.9.RELEASE.jar:/Users/zero/.m2/repository/org/atteo/evo-inflector/1.2.2/evo-inflector-1.2.2.jar:/Users/zero/.m2/repository/org/springframework/boot/spring-boot-starter-hateoas/2.1.6.RELEASE/spring-boot-starter-hateoas-2.1.6.RELEASE.jar:/Users/zero/.m2/repository/org/springframework/hateoas/spring-hateoas/0.25.1.RELEASE/spring-hateoas-0.25.1.RELEASE.jar:/Users/zero/.m2/repository/org/springframework/plugin/spring-plugin-core/1.2.0.RELEASE/spring-plugin-core-1.2.0.RELEASE.jar:/Users/zero/.m2/repository/org/springframework/boot/spring-boot-starter-webflux/2.1.6.RELEASE/spring-boot-starter-webflux-2.1.6.RELEASE.jar:/Users/zero/.m2/repository/org/springframework/boot/spring-boot-starter-reactor-netty/2.1.6.RELEASE/spring-boot-starter-reactor-netty-2.1.6.RELEASE.jar:/Users/zero/.m2/repository/io/projectreactor/netty/reactor-netty/0.8.9.RELEASE/reactor-netty-0.8.9.RELEASE.jar:/Users/zero/.m2/repository/io/netty/netty-codec-http/4.1.36.Final/netty-codec-http-4.1.36.Final.jar:/Users/zero/.m2/repository/io/netty/netty-common/4.1.36.Final/netty-common-4.1.36.Final.jar:/Users/zero/.m2/repository/io/netty/netty-buffer/4.1.36.Final/netty-buffer-4.1.36.Final.jar:/Users/zero/.m2/repository/io/netty/netty-transport/4.1.36.Final/netty-transport-4.1.36.Final.jar:/Users/zero/.m2/repository/io/netty/netty-resolver/4.1.36.Final/netty-resolver-4.1.36.Final.jar:/Users/zero/.m2/repository/io/netty/netty-codec/4.1.36.Final/netty-codec-4.1.36.Final.jar:/Users/zero/.m2/repository/io/netty/netty-codec-http2/4.1.36.Final/netty-codec-http2-4.1.36.Final.jar:/Users/zero/.m2/repository/io/netty/netty-handler/4.1.36.Final/netty-handler-4.1.36.Final.jar:/Users/zero/.m2/repository/io/netty/netty-handler-proxy/4.1.36.Final/netty-handler-proxy-4.1.36.Final.jar:/Users/zero/.m2/repository/io/netty/netty-codec-socks/4.1.36.Final/netty-codec-socks-4.1.36.Final.jar:/Users/zero/.m2/repository/io/netty/netty-transport-native-epoll/4.1.36.Final/netty-transport-native-epoll-4.1.36.Final-linux-x86_64.jar:/Users/zero/.m2/repository/io/netty/netty-transport-native-unix-common/4.1.36.Final/netty-transport-native-unix-common-4.1.36.Final.jar:/Users/zero/.m2/repository/org/glassfish/javax.el/3.0.0/javax.el-3.0.0.jar:/Users/zero/.m2/repository/org/springframework/spring-webflux/5.1.8.RELEASE/spring-webflux-5.1.8.RELEASE.jar:/Users/zero/.m2/repository/io/projectreactor/reactor-core/3.2.10.RELEASE/reactor-core-3.2.10.RELEASE.jar:/Users/zero/.m2/repository/org/reactivestreams/reactive-streams/1.0.2/reactive-streams-1.0.2.jar:/Users/zero/.m2/repository/org/synchronoss/cloud/nio-multipart-parser/1.1.0/nio-multipart-parser-1.1.0.jar:/Users/zero/.m2/repository/org/synchronoss/cloud/nio-stream-storage/1.1.3/nio-stream-storage-1.1.3.jar:/Users/zero/.m2/repository/javax/xml/bind/jaxb-api/2.3.0/jaxb-api-2.3.0.jar:/Users/zero/.m2/repository/org/modelmapper/modelmapper/2.3.5/modelmapper-2.3.5.jar:/Users/zero/.m2/repository/com/fasterxml/jackson/core/jackson-databind/2.9.10.7/jackson-databind-2.9.10.7.jar:/Users/zero/.m2/repository/com/fasterxml/jackson/core/jackson-annotations/2.9.0/jackson-annotations-2.9.0.jar:/Users/zero/.m2/repository/com/fasterxml/jackson/core/jackson-core/2.9.9/jackson-core-2.9.9.jar:/Users/zero/.m2/repository/com/fasterxml/jackson/datatype/jackson-datatype-jsr310/2.9.9/jackson-datatype-jsr310-2.9.9.jar:/Users/zero/.m2/repository/io/springfox/springfox-swagger2/2.9.2/springfox-swagger2-2.9.2.jar:/Users/zero/.m2/repository/io/swagger/swagger-annotations/1.5.20/swagger-annotations-1.5.20.jar:/Users/zero/.m2/repository/io/swagger/swagger-models/1.5.20/swagger-models-1.5.20.jar:/Users/zero/.m2/repository/io/springfox/springfox-spi/2.9.2/springfox-spi-2.9.2.jar:/Users/zero/.m2/repository/io/springfox/springfox-core/2.9.2/springfox-core-2.9.2.jar:/Users/zero/.m2/repository/io/springfox/springfox-schema/2.9.2/springfox-schema-2.9.2.jar:/Users/zero/.m2/repository/io/springfox/springfox-swagger-common/2.9.2/springfox-swagger-common-2.9.2.jar:/Users/zero/.m2/repository/io/springfox/springfox-spring-web/2.9.2/springfox-spring-web-2.9.2.jar:/Users/zero/.m2/repository/com/google/guava/guava/20.0/guava-20.0.jar:/Users/zero/.m2/repository/com/fasterxml/classmate/1.4.0/classmate-1.4.0.jar:/Users/zero/.m2/repository/org/slf4j/slf4j-api/1.7.26/slf4j-api-1.7.26.jar:/Users/zero/.m2/repository/org/springframework/plugin/spring-plugin-metadata/1.2.0.RELEASE/spring-plugin-metadata-1.2.0.RELEASE.jar:/Users/zero/.m2/repository/org/mapstruct/mapstruct/1.2.0.Final/mapstruct-1.2.0.Final.jar:/Users/zero/.m2/repository/io/springfox/springfox-swagger-ui/2.9.2/springfox-swagger-ui-2.9.2.jar:/Users/zero/.m2/repository/javax/mail/mail/1.4.2/mail-1.4.2.jar:/Users/zero/.m2/repository/javax/activation/activation/1.1/activation-1.1.jar:/Users/zero/.m2/repository/org/mockito/mockito-core/3.4.6/mockito-core-3.4.6.jar:/Users/zero/.m2/repository/net/bytebuddy/byte-buddy/1.9.13/byte-buddy-1.9.13.jar:/Users/zero/.m2/repository/net/bytebuddy/byte-buddy-agent/1.9.13/byte-buddy-agent-1.9.13.jar:/Users/zero/.m2/repository/org/objenesis/objenesis/2.6/objenesis-2.6.jar:/Users/zero/.m2/repository/junit/junit/4.13/junit-4.13.jar:"/>
    <property name="java.vm.vendor" value="Oracle Corporation"/>
    <property name="sun.arch.data.model" value="64"/>
    <property name="java.vendor.url" value="https://java.oracle.com/"/>
    <property name="os.name" value="Mac OS X"/>
    <property name="java.vm.specification.version" value="17"/>
    <property name="sun.java.launcher" value="SUN_STANDARD"/>
    <property name="user.country" value="419"/>
    <property name="sun.boot.library.path" value="/Library/Java/JavaVirtualMachines/jdk-17.jdk/Contents/Home/lib"/>
    <property name="sun.java.command" value="/Users/zero/Desktop/Zero/Dev/Personal/Proyects/Backend/Back_Art_Experience/target/surefire/surefirebooter14956357080850870984.jar /Users/zero/Desktop/Zero/Dev/Personal/Proyects/Backend/Back_Art_Experience/target/surefire 2021-11-04T23-16-09_773-jvmRun1 surefire15833997157609810900tmp surefire_02100249602162774624tmp"/>
    <property name="http.nonProxyHosts" value="local|*.local|169.254/16|*.169.254/16"/>
    <property name="jdk.debug" value="release"/>
    <property name="surefire.test.class.path" value="/Users/zero/Desktop/Zero/Dev/Personal/Proyects/Backend/Back_Art_Experience/target/test-classes:/Users/zero/Desktop/Zero/Dev/Personal/Proyects/Backend/Back_Art_Experience/target/classes:/Users/zero/.m2/repository/org/springframework/boot/spring-boot-starter-actuator/2.1.6.RELEASE/spring-boot-starter-actuator-2.1.6.RELEASE.jar:/Users/zero/.m2/repository/org/springframework/boot/spring-boot-starter/2.1.6.RELEASE/spring-boot-starter-2.1.6.RELEASE.jar:/Users/zero/.m2/repository/org/springframework/boot/spring-boot/2.1.6.RELEASE/spring-boot-2.1.6.RELEASE.jar:/Users/zero/.m2/repository/org/springframework/boot/spring-boot-autoconfigure/2.1.6.RELEASE/spring-boot-autoconfigure-2.1.6.RELEASE.jar:/Users/zero/.m2/repository/org/springframework/boot/spring-boot-starter-logging/2.1.6.RELEASE/spring-boot-starter-logging-2.1.6.RELEASE.jar:/Users/zero/.m2/repository/ch/qos/logback/logback-classic/1.2.3/logback-classic-1.2.3.jar:/Users/zero/.m2/repository/ch/qos/logback/logback-core/1.2.3/logback-core-1.2.3.jar:/Users/zero/.m2/repository/org/apache/logging/log4j/log4j-to-slf4j/2.11.2/log4j-to-slf4j-2.11.2.jar:/Users/zero/.m2/repository/org/apache/logging/log4j/log4j-api/2.11.2/log4j-api-2.11.2.jar:/Users/zero/.m2/repository/org/slf4j/jul-to-slf4j/1.7.26/jul-to-slf4j-1.7.26.jar:/Users/zero/.m2/repository/javax/annotation/javax.annotation-api/1.3.2/javax.annotation-api-1.3.2.jar:/Users/zero/.m2/repository/org/yaml/snakeyaml/1.23/snakeyaml-1.23.jar:/Users/zero/.m2/repository/org/springframework/boot/spring-boot-actuator-autoconfigure/2.1.6.RELEASE/spring-boot-actuator-autoconfigure-2.1.6.RELEASE.jar:/Users/zero/.m2/repository/org/springframework/boot/spring-boot-actuator/2.1.6.RELEASE/spring-boot-actuator-2.1.6.RELEASE.jar:/Users/zero/.m2/repository/org/springframework/spring-context/5.1.8.RELEASE/spring-context-5.1.8.RELEASE.jar:/Users/zero/.m2/repository/io/micrometer/micrometer-core/1.1.5/micrometer-core-1.1.5.jar:/Users/zero/.m2/repository/org/hdrhistogram/HdrHistogram/2.1.9/HdrHistogram-2.1.9.jar:/Users/zero/.m2/repository/org/latencyutils/LatencyUtils/2.0.3/LatencyUtils-2.0.3.jar:/Users/zero/.m2/repository/org/springframework/boot/spring-boot-starter-mail/2.1.6.RELEASE/spring-boot-starter-mail-2.1.6.RELEASE.jar:/Users/zero/.m2/repository/org/springframework/spring-context-support/5.1.8.RELEASE/spring-context-support-5.1.8.RELEASE.jar:/Users/zero/.m2/repository/org/springframework/spring-beans/5.1.8.RELEASE/spring-beans-5.1.8.RELEASE.jar:/Users/zero/.m2/repository/com/sun/mail/javax.mail/1.6.2/javax.mail-1.6.2.jar:/Users/zero/.m2/repository/org/springframework/boot/spring-boot-starter-data-jpa/2.1.6.RELEASE/spring-boot-starter-data-jpa-2.1.6.RELEASE.jar:/Users/zero/.m2/repository/org/springframework/boot/spring-boot-starter-aop/2.1.6.RELEASE/spring-boot-starter-aop-2.1.6.RELEASE.jar:/Users/zero/.m2/repository/org/springframework/spring-aop/5.1.8.RELEASE/spring-aop-5.1.8.RELEASE.jar:/Users/zero/.m2/repository/org/aspectj/aspectjweaver/1.9.4/aspectjweaver-1.9.4.jar:/Users/zero/.m2/repository/org/springframework/boot/spring-boot-starter-jdbc/2.1.6.RELEASE/spring-boot-starter-jdbc-2.1.6.RELEASE.jar:/Users/zero/.m2/repository/com/zaxxer/HikariCP/3.2.0/HikariCP-3.2.0.jar:/Users/zero/.m2/repository/org/springframework/spring-jdbc/5.1.8.RELEASE/spring-jdbc-5.1.8.RELEASE.jar:/Users/zero/.m2/repository/javax/transaction/javax.transaction-api/1.3/javax.transaction-api-1.3.jar:/Users/zero/.m2/repository/org/hibernate/hibernate-core/5.3.10.Final/hibernate-core-5.3.10.Final.jar:/Users/zero/.m2/repository/org/jboss/logging/jboss-logging/3.3.2.Final/jboss-logging-3.3.2.Final.jar:/Users/zero/.m2/repository/javax/persistence/javax.persistence-api/2.2/javax.persistence-api-2.2.jar:/Users/zero/.m2/repository/org/javassist/javassist/3.23.2-GA/javassist-3.23.2-GA.jar:/Users/zero/.m2/repository/antlr/antlr/2.7.7/antlr-2.7.7.jar:/Users/zero/.m2/repository/org/jboss/jandex/2.0.5.Final/jandex-2.0.5.Final.jar:/Users/zero/.m2/repository/javax/activation/javax.activation-api/1.2.0/javax.activation-api-1.2.0.jar:/Users/zero/.m2/repository/org/dom4j/dom4j/2.1.1/dom4j-2.1.1.jar:/Users/zero/.m2/repository/org/hibernate/common/hibernate-commons-annotations/5.0.4.Final/hibernate-commons-annotations-5.0.4.Final.jar:/Users/zero/.m2/repository/org/springframework/data/spring-data-jpa/2.1.9.RELEASE/spring-data-jpa-2.1.9.RELEASE.jar:/Users/zero/.m2/repository/org/springframework/data/spring-data-commons/2.1.9.RELEASE/spring-data-commons-2.1.9.RELEASE.jar:/Users/zero/.m2/repository/org/springframework/spring-orm/5.1.8.RELEASE/spring-orm-5.1.8.RELEASE.jar:/Users/zero/.m2/repository/org/springframework/spring-tx/5.1.8.RELEASE/spring-tx-5.1.8.RELEASE.jar:/Users/zero/.m2/repository/org/springframework/spring-aspects/5.1.8.RELEASE/spring-aspects-5.1.8.RELEASE.jar:/Users/zero/.m2/repository/org/springframework/boot/spring-boot-starter-web/2.1.6.RELEASE/spring-boot-starter-web-2.1.6.RELEASE.jar:/Users/zero/.m2/repository/org/springframework/boot/spring-boot-starter-json/2.1.6.RELEASE/spring-boot-starter-json-2.1.6.RELEASE.jar:/Users/zero/.m2/repository/com/fasterxml/jackson/datatype/jackson-datatype-jdk8/2.9.9/jackson-datatype-jdk8-2.9.9.jar:/Users/zero/.m2/repository/com/fasterxml/jackson/module/jackson-module-parameter-names/2.9.9/jackson-module-parameter-names-2.9.9.jar:/Users/zero/.m2/repository/org/springframework/boot/spring-boot-starter-tomcat/2.1.6.RELEASE/spring-boot-starter-tomcat-2.1.6.RELEASE.jar:/Users/zero/.m2/repository/org/apache/tomcat/embed/tomcat-embed-core/9.0.21/tomcat-embed-core-9.0.21.jar:/Users/zero/.m2/repository/org/apache/tomcat/embed/tomcat-embed-el/9.0.21/tomcat-embed-el-9.0.21.jar:/Users/zero/.m2/repository/org/apache/tomcat/embed/tomcat-embed-websocket/9.0.21/tomcat-embed-websocket-9.0.21.jar:/Users/zero/.m2/repository/org/hibernate/validator/hibernate-validator/6.0.17.Final/hibernate-validator-6.0.17.Final.jar:/Users/zero/.m2/repository/javax/validation/validation-api/2.0.1.Final/validation-api-2.0.1.Final.jar:/Users/zero/.m2/repository/org/springframework/spring-web/5.1.8.RELEASE/spring-web-5.1.8.RELEASE.jar:/Users/zero/.m2/repository/org/springframework/spring-webmvc/5.1.8.RELEASE/spring-webmvc-5.1.8.RELEASE.jar:/Users/zero/.m2/repository/org/springframework/spring-expression/5.1.8.RELEASE/spring-expression-5.1.8.RELEASE.jar:/Users/zero/.m2/repository/org/springframework/boot/spring-boot-starter-test/2.1.6.RELEASE/spring-boot-starter-test-2.1.6.RELEASE.jar:/Users/zero/.m2/repository/org/springframework/boot/spring-boot-test/2.1.6.RELEASE/spring-boot-test-2.1.6.RELEASE.jar:/Users/zero/.m2/repository/org/springframework/boot/spring-boot-test-autoconfigure/2.1.6.RELEASE/spring-boot-test-autoconfigure-2.1.6.RELEASE.jar:/Users/zero/.m2/repository/com/jayway/jsonpath/json-path/2.4.0/json-path-2.4.0.jar:/Users/zero/.m2/repository/net/minidev/json-smart/2.3/json-smart-2.3.jar:/Users/zero/.m2/repository/net/minidev/accessors-smart/1.2/accessors-smart-1.2.jar:/Users/zero/.m2/repository/org/ow2/asm/asm/5.0.4/asm-5.0.4.jar:/Users/zero/.m2/repository/org/assertj/assertj-core/3.11.1/assertj-core-3.11.1.jar:/Users/zero/.m2/repository/org/hamcrest/hamcrest-core/1.3/hamcrest-core-1.3.jar:/Users/zero/.m2/repository/org/hamcrest/hamcrest-library/1.3/hamcrest-library-1.3.jar:/Users/zero/.m2/repository/org/skyscreamer/jsonassert/1.5.0/jsonassert-1.5.0.jar:/Users/zero/.m2/repository/com/vaadin/external/google/android-json/0.0.20131108.vaadin1/android-json-0.0.20131108.vaadin1.jar:/Users/zero/.m2/repository/org/springframework/spring-core/5.1.8.RELEASE/spring-core-5.1.8.RELEASE.jar:/Users/zero/.m2/repository/org/springframework/spring-jcl/5.1.8.RELEASE/spring-jcl-5.1.8.RELEASE.jar:/Users/zero/.m2/repository/org/springframework/spring-test/5.1.8.RELEASE/spring-test-5.1.8.RELEASE.jar:/Users/zero/.m2/repository/org/xmlunit/xmlunit-core/2.6.2/xmlunit-core-2.6.2.jar:/Users/zero/.m2/repository/org/postgresql/postgresql/42.2.5/postgresql-42.2.5.jar:/Users/zero/.m2/repository/org/liquibase/liquibase-core/4.0.0/liquibase-core-4.0.0.jar:/Users/zero/.m2/repository/org/springframework/boot/spring-boot-starter-data-rest/2.1.6.RELEASE/spring-boot-starter-data-rest-2.1.6.RELEASE.jar:/Users/zero/.m2/repository/org/springframework/data/spring-data-rest-webmvc/3.1.9.RELEASE/spring-data-rest-webmvc-3.1.9.RELEASE.jar:/Users/zero/.m2/repository/org/springframework/data/spring-data-rest-core/3.1.9.RELEASE/spring-data-rest-core-3.1.9.RELEASE.jar:/Users/zero/.m2/repository/org/atteo/evo-inflector/1.2.2/evo-inflector-1.2.2.jar:/Users/zero/.m2/repository/org/springframework/boot/spring-boot-starter-hateoas/2.1.6.RELEASE/spring-boot-starter-hateoas-2.1.6.RELEASE.jar:/Users/zero/.m2/repository/org/springframework/hateoas/spring-hateoas/0.25.1.RELEASE/spring-hateoas-0.25.1.RELEASE.jar:/Users/zero/.m2/repository/org/springframework/plugin/spring-plugin-core/1.2.0.RELEASE/spring-plugin-core-1.2.0.RELEASE.jar:/Users/zero/.m2/repository/org/springframework/boot/spring-boot-starter-webflux/2.1.6.RELEASE/spring-boot-starter-webflux-2.1.6.RELEASE.jar:/Users/zero/.m2/repository/org/springframework/boot/spring-boot-starter-reactor-netty/2.1.6.RELEASE/spring-boot-starter-reactor-netty-2.1.6.RELEASE.jar:/Users/zero/.m2/repository/io/projectreactor/netty/reactor-netty/0.8.9.RELEASE/reactor-netty-0.8.9.RELEASE.jar:/Users/zero/.m2/repository/io/netty/netty-codec-http/4.1.36.Final/netty-codec-http-4.1.36.Final.jar:/Users/zero/.m2/repository/io/netty/netty-common/4.1.36.Final/netty-common-4.1.36.Final.jar:/Users/zero/.m2/repository/io/netty/netty-buffer/4.1.36.Final/netty-buffer-4.1.36.Final.jar:/Users/zero/.m2/repository/io/netty/netty-transport/4.1.36.Final/netty-transport-4.1.36.Final.jar:/Users/zero/.m2/repository/io/netty/netty-resolver/4.1.36.Final/netty-resolver-4.1.36.Final.jar:/Users/zero/.m2/repository/io/netty/netty-codec/4.1.36.Final/netty-codec-4.1.36.Final.jar:/Users/zero/.m2/repository/io/netty/netty-codec-http2/4.1.36.Final/netty-codec-http2-4.1.36.Final.jar:/Users/zero/.m2/repository/io/netty/netty-handler/4.1.36.Final/netty-handler-4.1.36.Final.jar:/Users/zero/.m2/repository/io/netty/netty-handler-proxy/4.1.36.Final/netty-handler-proxy-4.1.36.Final.jar:/Users/zero/.m2/repository/io/netty/netty-codec-socks/4.1.36.Final/netty-codec-socks-4.1.36.Final.jar:/Users/zero/.m2/repository/io/netty/netty-transport-native-epoll/4.1.36.Final/netty-transport-native-epoll-4.1.36.Final-linux-x86_64.jar:/Users/zero/.m2/repository/io/netty/netty-transport-native-unix-common/4.1.36.Final/netty-transport-native-unix-common-4.1.36.Final.jar:/Users/zero/.m2/repository/org/glassfish/javax.el/3.0.0/javax.el-3.0.0.jar:/Users/zero/.m2/repository/org/springframework/spring-webflux/5.1.8.RELEASE/spring-webflux-5.1.8.RELEASE.jar:/Users/zero/.m2/repository/io/projectreactor/reactor-core/3.2.10.RELEASE/reactor-core-3.2.10.RELEASE.jar:/Users/zero/.m2/repository/org/reactivestreams/reactive-streams/1.0.2/reactive-streams-1.0.2.jar:/Users/zero/.m2/repository/org/synchronoss/cloud/nio-multipart-parser/1.1.0/nio-multipart-parser-1.1.0.jar:/Users/zero/.m2/repository/org/synchronoss/cloud/nio-stream-storage/1.1.3/nio-stream-storage-1.1.3.jar:/Users/zero/.m2/repository/javax/xml/bind/jaxb-api/2.3.0/jaxb-api-2.3.0.jar:/Users/zero/.m2/repository/org/modelmapper/modelmapper/2.3.5/modelmapper-2.3.5.jar:/Users/zero/.m2/repository/com/fasterxml/jackson/core/jackson-databind/2.9.10.7/jackson-databind-2.9.10.7.jar:/Users/zero/.m2/repository/com/fasterxml/jackson/core/jackson-annotations/2.9.0/jackson-annotations-2.9.0.jar:/Users/zero/.m2/repository/com/fasterxml/jackson/core/jackson-core/2.9.9/jackson-core-2.9.9.jar:/Users/zero/.m2/repository/com/fasterxml/jackson/datatype/jackson-datatype-jsr310/2.9.9/jackson-datatype-jsr310-2.9.9.jar:/Users/zero/.m2/repository/io/springfox/springfox-swagger2/2.9.2/springfox-swagger2-2.9.2.jar:/Users/zero/.m2/repository/io/swagger/swagger-annotations/1.5.20/swagger-annotations-1.5.20.jar:/Users/zero/.m2/repository/io/swagger/swagger-models/1.5.20/swagger-models-1.5.20.jar:/Users/zero/.m2/repository/io/springfox/springfox-spi/2.9.2/springfox-spi-2.9.2.jar:/Users/zero/.m2/repository/io/springfox/springfox-core/2.9.2/springfox-core-2.9.2.jar:/Users/zero/.m2/repository/io/springfox/springfox-schema/2.9.2/springfox-schema-2.9.2.jar:/Users/zero/.m2/repository/io/springfox/springfox-swagger-common/2.9.2/springfox-swagger-common-2.9.2.jar:/Users/zero/.m2/repository/io/springfox/springfox-spring-web/2.9.2/springfox-spring-web-2.9.2.jar:/Users/zero/.m2/repository/com/google/guava/guava/20.0/guava-20.0.jar:/Users/zero/.m2/repository/com/fasterxml/classmate/1.4.0/classmate-1.4.0.jar:/Users/zero/.m2/repository/org/slf4j/slf4j-api/1.7.26/slf4j-api-1.7.26.jar:/Users/zero/.m2/repository/org/springframework/plugin/spring-plugin-metadata/1.2.0.RELEASE/spring-plugin-metadata-1.2.0.RELEASE.jar:/Users/zero/.m2/repository/org/mapstruct/mapstruct/1.2.0.Final/mapstruct-1.2.0.Final.jar:/Users/zero/.m2/repository/io/springfox/springfox-swagger-ui/2.9.2/springfox-swagger-ui-2.9.2.jar:/Users/zero/.m2/repository/javax/mail/mail/1.4.2/mail-1.4.2.jar:/Users/zero/.m2/repository/javax/activation/activation/1.1/activation-1.1.jar:/Users/zero/.m2/repository/org/mockito/mockito-core/3.4.6/mockito-core-3.4.6.jar:/Users/zero/.m2/repository/net/bytebuddy/byte-buddy/1.9.13/byte-buddy-1.9.13.jar:/Users/zero/.m2/repository/net/bytebuddy/byte-buddy-agent/1.9.13/byte-buddy-agent-1.9.13.jar:/Users/zero/.m2/repository/org/objenesis/objenesis/2.6/objenesis-2.6.jar:/Users/zero/.m2/repository/junit/junit/4.13/junit-4.13.jar:"/>
    <property name="sun.cpu.endian" value="little"/>
    <property name="user.home" value="/Users/zero"/>
    <property name="user.language" value="es"/>
    <property name="java.specification.vendor" value="Oracle Corporation"/>
    <property name="java.version.date" value="2021-09-14"/>
    <property name="java.home" value="/Library/Java/JavaVirtualMachines/jdk-17.jdk/Contents/Home"/>
    <property name="file.separator" value="/"/>
    <property name="basedir" value="/Users/zero/Desktop/Zero/Dev/Personal/Proyects/Backend/Back_Art_Experience"/>
    <property name="java.vm.compressedOopsMode" value="Zero based"/>
    <property name="line.separator" value="&#10;"/>
    <property name="java.specification.name" value="Java Platform API Specification"/>
    <property name="java.vm.specification.vendor" value="Oracle Corporation"/>
    <property name="surefire.real.class.path" value="/Users/zero/Desktop/Zero/Dev/Personal/Proyects/Backend/Back_Art_Experience/target/surefire/surefirebooter14956357080850870984.jar"/>
    <property name="sun.management.compiler" value="HotSpot 64-Bit Tiered Compilers"/>
    <property name="ftp.nonProxyHosts" value="local|*.local|169.254/16|*.169.254/16"/>
    <property name="java.runtime.version" value="17+35-LTS-2724"/>
    <property name="user.name" value="zero"/>
    <property name="path.separator" value=":"/>
    <property name="os.version" value="11.6"/>
    <property name="java.runtime.name" value="Java(TM) SE Runtime Environment"/>
    <property name="file.encoding" value="US-ASCII"/>
    <property name="java.vm.name" value="Java HotSpot(TM) 64-Bit Server VM"/>
    <property name="localRepository" value="/Users/zero/.m2/repository"/>
    <property name="java.vendor.url.bug" value="https://bugreport.java.com/bugreport/"/>
    <property name="java.io.tmpdir" value="/var/folders/9f/jgyzqn7x6rnb8m89llkc9fbm0000gn/T/"/>
    <property name="idea.version" value="2021.2.2"/>
    <property name="java.version" value="17"/>
    <property name="user.dir" value="/Users/zero/Desktop/Zero/Dev/Personal/Proyects/Backend/Back_Art_Experience"/>
    <property name="os.arch" value="aarch64"/>
    <property name="java.vm.specification.name" value="Java Virtual Machine Specification"/>
    <property name="native.encoding" value="US-ASCII"/>
    <property name="java.library.path" value="/Users/zero/Library/Java/Extensions:/Library/Java/Extensions:/Network/Library/Java/Extensions:/System/Library/Java/Extensions:/usr/lib/java:."/>
    <property name="java.vm.info" value="mixed mode, sharing"/>
    <property name="java.vendor" value="Oracle Corporation"/>
    <property name="java.vm.version" value="17+35-LTS-2724"/>
    <property name="sun.io.unicode.encoding" value="UnicodeBig"/>
    <property name="socksNonProxyHosts" value="local|*.local|169.254/16|*.169.254/16"/>
    <property name="java.class.version" value="61.0"/>
  </properties>
  <testcase name="getReservesByDateAndBarberId" classname="Reserves.ReserveServiceTest" time="0.173"/>
  <testcase name="findReserveByBarberID" classname="Reserves.ReserveServiceTest" time="0"/>
  <testcase name="cancel" classname="Reserves.ReserveServiceTest" time="0"/>
  <testcase name="create" classname="Reserves.ReserveServiceTest" time="0"/>
  <testcase name="delete" classname="Reserves.ReserveServiceTest" time="0"/>
  <testcase name="isDone" classname="Reserves.ReserveServiceTest" time="0"/>
  <testcase name="testMail" classname="Reserves.ReserveServiceTest" time="0"/>
  <testcase name="getBarberAvailableTimeByDate" classname="Reserves.ReserveServiceTest" time="0.158"/>
  <testcase name="update" classname="Reserves.ReserveServiceTest" time="0.001"/>
  <testcase name="findByID" classname="Reserves.ReserveServiceTest" time="0"/>
  <testcase name="findReserveByClientID" classname="Reserves.ReserveServiceTest" time="0"/>
  <testcase name="getActiveReserves" classname="Reserves.ReserveServiceTest" time="0"/>
  <testcase name="getReserves" classname="Reserves.ReserveServiceTest" time="0"/>
</testsuite>